<?xml version="1.0" encoding="UTF-8"?>
<!-- Generated by org.testng.reporters.JUnitXMLReporter -->
<testsuite hostname="BeastPC" ignored="0" name="Default test" tests="10" failures="10" timestamp="2022-03-22T21:01:54 IST" time="2.027" errors="0">
  <testcase name="Scenario" time="0.208" classname="com.runner.FreeCRMRunner">
    <failure type="java.io.FileNotFoundException" message="\src\test\resources\datasource\logincompanies.xlsx (The system cannot find the path specified)">
      <![CDATA[java.io.FileNotFoundException: \src\test\resources\datasource\logincompanies.xlsx (The system cannot find the path specified)
at java.io.FileInputStream.open0(Native Method)
at java.io.FileInputStream.open(FileInputStream.java:195)
at java.io.FileInputStream.<init>(FileInputStream.java:138)
at com.stepDefinition.CompaniesTest.user_is_logged_in_and_is_in_companies_module(CompaniesTest.java:43)
at ✽.User is Logged in and is in Companies Module(file:///C:/Users/Deepak/eclipse-workspace/FreeCRM/Features/Companies/CompanyFilter.feature:12)
]]>
    </failure>
  </testcase> <!-- Scenario -->
  <testcase name="Scenario" time="0.042" classname="com.runner.FreeCRMRunner">
    <failure type="java.io.FileNotFoundException" message="\src\test\resources\datasource\logincompanies.xlsx (The system cannot find the path specified)">
      <![CDATA[java.io.FileNotFoundException: \src\test\resources\datasource\logincompanies.xlsx (The system cannot find the path specified)
at java.io.FileInputStream.open0(Native Method)
at java.io.FileInputStream.open(FileInputStream.java:195)
at java.io.FileInputStream.<init>(FileInputStream.java:138)
at com.stepDefinition.CompaniesTest.user_is_logged_in_and_is_in_companies_module(CompaniesTest.java:43)
at ✽.User is Logged in and is in Companies Module(file:///C:/Users/Deepak/eclipse-workspace/FreeCRM/Features/Companies/CompanyFilter.feature:24)
]]>
    </failure>
  </testcase> <!-- Scenario -->
  <testcase name="Scenario" time="0.061" classname="com.runner.FreeCRMRunner">
    <failure type="java.io.FileNotFoundException" message="\src\test\resources\datasource\logincompanies.xlsx (The system cannot find the path specified)">
      <![CDATA[java.io.FileNotFoundException: \src\test\resources\datasource\logincompanies.xlsx (The system cannot find the path specified)
at java.io.FileInputStream.open0(Native Method)
at java.io.FileInputStream.open(FileInputStream.java:195)
at java.io.FileInputStream.<init>(FileInputStream.java:138)
at com.stepDefinition.CompaniesTest.user_is_logged_in_and_is_in_companies_module(CompaniesTest.java:43)
at ✽.User is Logged in and is in Companies Module(file:///C:/Users/Deepak/eclipse-workspace/FreeCRM/Features/Companies/CompanyFilter.feature:36)
]]>
    </failure>
  </testcase> <!-- Scenario -->
  <testcase name="Scenario" time="0.027" classname="com.runner.FreeCRMRunner">
    <failure type="java.io.FileNotFoundException" message="\src\test\resources\datasource\logincompanies.xlsx (The system cannot find the path specified)">
      <![CDATA[java.io.FileNotFoundException: \src\test\resources\datasource\logincompanies.xlsx (The system cannot find the path specified)
at java.io.FileInputStream.open0(Native Method)
at java.io.FileInputStream.open(FileInputStream.java:195)
at java.io.FileInputStream.<init>(FileInputStream.java:138)
at com.stepDefinition.CompaniesTest.user_is_logged_in_and_is_in_companies_module(CompaniesTest.java:43)
at ✽.User is Logged in and is in Companies Module(file:///C:/Users/Deepak/eclipse-workspace/FreeCRM/Features/Companies/CreateCompany.feature:10)
]]>
    </failure>
  </testcase> <!-- Scenario -->
  <testcase name="Scenario" time="0.029" classname="com.runner.FreeCRMRunner">
    <failure type="java.io.FileNotFoundException" message="\src\test\resources\datasource\logincompanies.xlsx (The system cannot find the path specified)">
      <![CDATA[java.io.FileNotFoundException: \src\test\resources\datasource\logincompanies.xlsx (The system cannot find the path specified)
at java.io.FileInputStream.open0(Native Method)
at java.io.FileInputStream.open(FileInputStream.java:195)
at java.io.FileInputStream.<init>(FileInputStream.java:138)
at com.stepDefinition.CompaniesTest.user_is_logged_in_and_is_in_companies_module(CompaniesTest.java:43)
at ✽.User is Logged in and is in Companies Module(file:///C:/Users/Deepak/eclipse-workspace/FreeCRM/Features/Companies/CreateCompany.feature:16)
]]>
    </failure>
  </testcase> <!-- Scenario -->
  <testcase name="Scenario" time="0.025" classname="com.runner.FreeCRMRunner">
    <failure type="java.io.FileNotFoundException" message="\src\test\resources\datasource\logincompanies.xlsx (The system cannot find the path specified)">
      <![CDATA[java.io.FileNotFoundException: \src\test\resources\datasource\logincompanies.xlsx (The system cannot find the path specified)
at java.io.FileInputStream.open0(Native Method)
at java.io.FileInputStream.open(FileInputStream.java:195)
at java.io.FileInputStream.<init>(FileInputStream.java:138)
at com.stepDefinition.CompaniesTest.user_is_logged_in_and_is_in_companies_module(CompaniesTest.java:43)
at ✽.User is Logged in and is in Companies Module(file:///C:/Users/Deepak/eclipse-workspace/FreeCRM/Features/Companies/CreateCompany.feature:27)
]]>
    </failure>
  </testcase> <!-- Scenario -->
  <testcase name="Scenario" time="0.022" classname="com.runner.FreeCRMRunner">
    <failure type="java.io.FileNotFoundException" message="\src\test\resources\datasource\logincompanies.xlsx (The system cannot find the path specified)">
      <![CDATA[java.io.FileNotFoundException: \src\test\resources\datasource\logincompanies.xlsx (The system cannot find the path specified)
at java.io.FileInputStream.open0(Native Method)
at java.io.FileInputStream.open(FileInputStream.java:195)
at java.io.FileInputStream.<init>(FileInputStream.java:138)
at com.stepDefinition.CompaniesTest.user_is_logged_in_and_is_in_companies_module(CompaniesTest.java:43)
at ✽.User is Logged in and is in Companies Module(file:///C:/Users/Deepak/eclipse-workspace/FreeCRM/Features/Companies/CreateCompany.feature:34)
]]>
    </failure>
  </testcase> <!-- Scenario -->
  <testcase name="Scenario" time="0.023" classname="com.runner.FreeCRMRunner">
    <failure type="java.io.FileNotFoundException" message="\src\test\resources\datasource\logincompanies.xlsx (The system cannot find the path specified)">
      <![CDATA[java.io.FileNotFoundException: \src\test\resources\datasource\logincompanies.xlsx (The system cannot find the path specified)
at java.io.FileInputStream.open0(Native Method)
at java.io.FileInputStream.open(FileInputStream.java:195)
at java.io.FileInputStream.<init>(FileInputStream.java:138)
at com.stepDefinition.CompaniesTest.user_is_logged_in_and_is_in_companies_module(CompaniesTest.java:43)
at ✽.User is Logged in and is in Companies Module(file:///C:/Users/Deepak/eclipse-workspace/FreeCRM/Features/Companies/CreateCompany.feature:42)
]]>
    </failure>
  </testcase> <!-- Scenario -->
  <testcase name="Scenario" time="0.024" classname="com.runner.FreeCRMRunner">
    <failure type="java.io.FileNotFoundException" message="\src\test\resources\datasource\logincompanies.xlsx (The system cannot find the path specified)">
      <![CDATA[java.io.FileNotFoundException: \src\test\resources\datasource\logincompanies.xlsx (The system cannot find the path specified)
at java.io.FileInputStream.open0(Native Method)
at java.io.FileInputStream.open(FileInputStream.java:195)
at java.io.FileInputStream.<init>(FileInputStream.java:138)
at com.stepDefinition.CompaniesTest.user_is_logged_in_and_is_in_companies_module(CompaniesTest.java:43)
at ✽.User is Logged in and is in Companies Module(file:///C:/Users/Deepak/eclipse-workspace/FreeCRM/Features/Companies/DeleteCompany.feature:12)
]]>
    </failure>
  </testcase> <!-- Scenario -->
  <testcase name="Scenario" time="0.019" classname="com.runner.FreeCRMRunner">
    <failure type="java.io.FileNotFoundException" message="\src\test\resources\datasource\logincompanies.xlsx (The system cannot find the path specified)">
      <![CDATA[java.io.FileNotFoundException: \src\test\resources\datasource\logincompanies.xlsx (The system cannot find the path specified)
at java.io.FileInputStream.open0(Native Method)
at java.io.FileInputStream.open(FileInputStream.java:195)
at java.io.FileInputStream.<init>(FileInputStream.java:138)
at com.stepDefinition.CompaniesTest.user_is_logged_in_and_is_in_companies_module(CompaniesTest.java:43)
at ✽.User is Logged in and is in Companies Module(file:///C:/Users/Deepak/eclipse-workspace/FreeCRM/Features/Companies/DeleteCompany.feature:19)
]]>
    </failure>
  </testcase> <!-- Scenario -->
</testsuite> <!-- Default test -->
