<?xml version="1.0" encoding="UTF-8"?>
<!-- Generated by org.testng.reporters.JUnitXMLReporter -->
<testsuite hostname="BeastPC" ignored="0" name="Default test" tests="44" failures="0" timestamp="2022-03-22T22:50:34 IST" time="874.13" errors="0">
  <testcase name="Scenario" time="30.695" classname="com.runner.FreeCRMRunner"/>
  <testcase name="Scenario" time="6.315" classname="com.runner.FreeCRMRunner"/>
  <testcase name="Scenario" time="9.343" classname="com.runner.FreeCRMRunner"/>
  <testcase name="Scenario" time="19.996" classname="com.runner.FreeCRMRunner"/>
  <testcase name="Scenario" time="25.397" classname="com.runner.FreeCRMRunner"/>
  <testcase name="Scenario" time="25.916" classname="com.runner.FreeCRMRunner"/>
  <testcase name="Scenario" time="22.511" classname="com.runner.FreeCRMRunner"/>
  <testcase name="Scenario" time="24.61" classname="com.runner.FreeCRMRunner"/>
  <testcase name="Scenario" time="19.824" classname="com.runner.FreeCRMRunner"/>
  <testcase name="Scenario" time="25.032" classname="com.runner.FreeCRMRunner"/>
  <testcase name="Scenario" time="27.686" classname="com.runner.FreeCRMRunner"/>
  <testcase name="Scenario" time="25.293" classname="com.runner.FreeCRMRunner"/>
  <testcase name="Scenario" time="28.772" classname="com.runner.FreeCRMRunner"/>
  <testcase name="Scenario" time="34.393" classname="com.runner.FreeCRMRunner"/>
  <testcase name="Scenario" time="3.296" classname="com.runner.FreeCRMRunner"/>
  <testcase name="Scenario" time="5.311" classname="com.runner.FreeCRMRunner"/>
  <testcase name="Scenario" time="6.509" classname="com.runner.FreeCRMRunner"/>
  <testcase name="Scenario" time="6.26" classname="com.runner.FreeCRMRunner"/>
  <testcase name="Scenario" time="9.417" classname="com.runner.FreeCRMRunner"/>
  <testcase name="Scenario" time="20.372" classname="com.runner.FreeCRMRunner"/>
  <testcase name="Scenario" time="8.198" classname="com.runner.FreeCRMRunner"/>
  <testcase name="Scenario" time="10.45" classname="com.runner.FreeCRMRunner"/>
  <testcase name="Scenario" time="14.804" classname="com.runner.FreeCRMRunner"/>
  <testcase name="Scenario" time="33.063" classname="com.runner.FreeCRMRunner"/>
  <testcase name="Scenario" time="27.652" classname="com.runner.FreeCRMRunner"/>
  <testcase name="Scenario" time="5.2" classname="com.runner.FreeCRMRunner"/>
  <testcase name="Scenario" time="7.986" classname="com.runner.FreeCRMRunner"/>
  <testcase name="Scenario" time="26.818" classname="com.runner.FreeCRMRunner"/>
  <testcase name="Scenario" time="4.885" classname="com.runner.FreeCRMRunner"/>
  <testcase name="Scenario" time="24.384" classname="com.runner.FreeCRMRunner"/>
  <testcase name="Scenario" time="9.13" classname="com.runner.FreeCRMRunner"/>
  <testcase name="Scenario" time="39.093" classname="com.runner.FreeCRMRunner"/>
  <testcase name="Scenario" time="18.869" classname="com.runner.FreeCRMRunner"/>
  <testcase name="Scenario" time="21.154" classname="com.runner.FreeCRMRunner"/>
  <testcase name="Scenario" time="21.177" classname="com.runner.FreeCRMRunner"/>
  <testcase name="Scenario" time="20.744" classname="com.runner.FreeCRMRunner"/>
  <testcase name="Scenario" time="19.128" classname="com.runner.FreeCRMRunner"/>
  <testcase name="Scenario" time="25.71" classname="com.runner.FreeCRMRunner"/>
  <testcase name="Scenario" time="22.598" classname="com.runner.FreeCRMRunner"/>
  <testcase name="Scenario" time="25.459" classname="com.runner.FreeCRMRunner"/>
  <testcase name="Scenario" time="25.351" classname="com.runner.FreeCRMRunner"/>
  <testcase name="Scenario" time="26.466" classname="com.runner.FreeCRMRunner"/>
  <testcase name="Scenario" time="26.656" classname="com.runner.FreeCRMRunner"/>
  <testcase name="Scenario" time="29.834" classname="com.runner.FreeCRMRunner"/>
</testsuite> <!-- Default test -->
