<?xml version="1.0" encoding="UTF-8"?>
<!-- Generated by org.testng.reporters.JUnitXMLReporter -->
<testsuite hostname="BeastPC" ignored="0" name="Command line test" tests="33" failures="0" timestamp="2022-03-22T14:24:16 IST" time="540.596" errors="0">
  <testcase name="Scenario" time="19.386" classname="com.runner.FreeCRMRunner"/>
  <testcase name="Scenario" time="20.783" classname="com.runner.FreeCRMRunner"/>
  <testcase name="Scenario" time="20.581" classname="com.runner.FreeCRMRunner"/>
  <testcase name="Scenario" time="17.662" classname="com.runner.FreeCRMRunner"/>
  <testcase name="Scenario" time="20.233" classname="com.runner.FreeCRMRunner"/>
  <testcase name="Scenario" time="14.817" classname="com.runner.FreeCRMRunner"/>
  <testcase name="Scenario" time="16.034" classname="com.runner.FreeCRMRunner"/>
  <testcase name="Scenario" time="21.854" classname="com.runner.FreeCRMRunner"/>
  <testcase name="Scenario" time="20.257" classname="com.runner.FreeCRMRunner"/>
  <testcase name="Scenario" time="23.689" classname="com.runner.FreeCRMRunner"/>
  <testcase name="Scenario" time="35.345" classname="com.runner.FreeCRMRunner"/>
  <testcase name="Scenario" time="3.644" classname="com.runner.FreeCRMRunner"/>
  <testcase name="Scenario" time="5.417" classname="com.runner.FreeCRMRunner"/>
  <testcase name="Scenario" time="6.934" classname="com.runner.FreeCRMRunner"/>
  <testcase name="Scenario" time="6.323" classname="com.runner.FreeCRMRunner"/>
  <testcase name="Scenario" time="9.539" classname="com.runner.FreeCRMRunner"/>
  <testcase name="Scenario" time="20.609" classname="com.runner.FreeCRMRunner"/>
  <testcase name="Scenario" time="8.275" classname="com.runner.FreeCRMRunner"/>
  <testcase name="Scenario" time="10.765" classname="com.runner.FreeCRMRunner"/>
  <testcase name="Scenario" time="15.11" classname="com.runner.FreeCRMRunner"/>
  <testcase name="Scenario" time="33.015" classname="com.runner.FreeCRMRunner"/>
  <testcase name="Scenario" time="22.112" classname="com.runner.FreeCRMRunner"/>
  <testcase name="Scenario" time="5.302" classname="com.runner.FreeCRMRunner"/>
  <testcase name="Scenario" time="8.181" classname="com.runner.FreeCRMRunner"/>
  <testcase name="Scenario" time="21.748" classname="com.runner.FreeCRMRunner"/>
  <testcase name="Scenario" time="4.92" classname="com.runner.FreeCRMRunner"/>
  <testcase name="Scenario" time="19.85" classname="com.runner.FreeCRMRunner"/>
  <testcase name="Scenario" time="9.231" classname="com.runner.FreeCRMRunner"/>
  <testcase name="Scenario" time="34.185" classname="com.runner.FreeCRMRunner"/>
  <testcase name="Scenario" time="13.997" classname="com.runner.FreeCRMRunner"/>
  <testcase name="Scenario" time="16.164" classname="com.runner.FreeCRMRunner"/>
  <testcase name="Scenario" time="16.287" classname="com.runner.FreeCRMRunner"/>
  <testcase name="Scenario" time="16.238" classname="com.runner.FreeCRMRunner"/>
</testsuite> <!-- Command line test -->
