<?xml version="1.0" encoding="UTF-8" ?>
<testsuite tests="33" failures="0" name="TestSuite" time="538.503" errors="0" skipped="0">
  <properties>
[...]
</properties>
  <testcase classname="com.stepDefinition.CompaniesTest" name="Scenario" time="19.411"/>
  <testcase classname="com.stepDefinition.CompaniesTest" name="Scenario" time="20.776"/>
  <testcase classname="com.stepDefinition.CompaniesTest" name="Scenario" time="20.582"/>
  <testcase classname="com.stepDefinition.CompaniesTest" name="Scenario" time="17.661"/>
  <testcase classname="com.stepDefinition.CompaniesTest" name="Scenario" time="20.233"/>
  <testcase classname="com.stepDefinition.CompaniesTest" name="Scenario" time="14.816"/>
  <testcase classname="com.stepDefinition.CompaniesTest" name="Scenario" time="16.034"/>
  <testcase classname="com.stepDefinition.CompaniesTest" name="Scenario" time="21.854"/>
  <testcase classname="com.stepDefinition.CompaniesTest" name="Scenario" time="20.256"/>
  <testcase classname="com.stepDefinition.CompaniesTest" name="Scenario" time="23.689"/>
  <testcase classname="com.stepDefinition.CompaniesTest" name="Scenario" time="35.345"/>
  <testcase classname="com.stepDefinition.CompaniesTest" name="Scenario" time="3.645"/>
  <testcase classname="com.stepDefinition.CompaniesTest" name="Scenario" time="5.416"/>
  <testcase classname="com.stepDefinition.CompaniesTest" name="Scenario" time="6.935"/>
  <testcase classname="com.stepDefinition.CompaniesTest" name="Scenario" time="6.323"/>
  <testcase classname="com.stepDefinition.CompaniesTest" name="Scenario" time="9.539"/>
  <testcase classname="com.stepDefinition.CompaniesTest" name="Scenario" time="20.608"/>
  <testcase classname="com.stepDefinition.CompaniesTest" name="Scenario" time="8.275"/>
  <testcase classname="com.stepDefinition.CompaniesTest" name="Scenario" time="10.765"/>
  <testcase classname="com.stepDefinition.CompaniesTest" name="Scenario" time="15.111"/>
  <testcase classname="com.stepDefinition.CompaniesTest" name="Scenario" time="33.015"/>
  <testcase classname="com.stepDefinition.CompaniesTest" name="Scenario" time="22.112"/>
  <testcase classname="com.stepDefinition.CompaniesTest" name="Scenario" time="5.302"/>
  <testcase classname="com.stepDefinition.CompaniesTest" name="Scenario" time="8.181"/>
  <testcase classname="com.stepDefinition.CompaniesTest" name="Scenario" time="21.747"/>
  <testcase classname="com.stepDefinition.CompaniesTest" name="Scenario" time="4.921"/>
  <testcase classname="com.stepDefinition.CompaniesTest" name="Scenario" time="19.85"/>
  <testcase classname="com.stepDefinition.CompaniesTest" name="Scenario" time="9.231"/>
  <testcase classname="com.stepDefinition.CompaniesTest" name="Scenario" time="34.185"/>
  <testcase classname="com.stepDefinition.CompaniesTest" name="Scenario" time="13.996"/>
  <testcase classname="com.stepDefinition.CompaniesTest" name="Scenario" time="16.164"/>
  <testcase classname="com.stepDefinition.CompaniesTest" name="Scenario" time="16.287"/>
  <testcase classname="com.stepDefinition.CompaniesTest" name="Scenario" time="16.238"/>
</testsuite>